 
****************************************
Report : qor
Design : pri_enc8
Version: V-2023.12-SP4
Date   : Sun Jan 18 23:37:21 2026
****************************************


  Timing Path Group 'INPUTS'
  -----------------------------------
  Levels of Logic:               4.00
  Critical Path Length:          0.19
  Critical Path Slack:           3.51
  Critical Path Clk Period:      5.00
  Total Negative Slack:          0.00
  No. of Violating Paths:        0.00
  Worst Hold Violation:          0.00
  Total Hold Violation:          0.00
  No. of Hold Violations:        0.00
  -----------------------------------


  Cell Count
  -----------------------------------
  Hierarchical Cell Count:          0
  Hierarchical Port Count:          0
  Leaf Cell Count:                 16
  Buf/Inv Cell Count:               3
  Buf Cell Count:                   0
  Inv Cell Count:                   3
  CT Buf/Inv Cell Count:            0
  Combinational Cell Count:        12
  Sequential Cell Count:            4
  Macro Count:                      0
  -----------------------------------


  Area
  -----------------------------------
  Combinational Area:        3.507600
  Noncombinational Area:     3.729600
  Buf/Inv Area:              0.532800
  Total Buffer Area:             0.00
  Total Inverter Area:           0.53
  Macro/Black Box Area:      0.000000
  Net Area:                  7.217971
  -----------------------------------
  Cell Area:                 7.237200
  Design Area:              14.455171


  Design Rules
  -----------------------------------
  Total Number of Nets:            26
  Nets With Violations:             0
  Max Trans Violations:             0
  Max Cap Violations:               0
  -----------------------------------


  Hostname: synopsys.vit.ac.in

  Compile CPU Statistics
  -----------------------------------------
  Resource Sharing:                    0.02
  Logic Optimization:                 16.04
  Mapping Optimization:                0.19
  -----------------------------------------
  Overall Compile Time:               74.03
  Overall Compile Wall Clock Time:    75.77

  --------------------------------------------------------------------

  Design  WNS: 0.00  TNS: 0.00  Number of Violating Paths: 0


  Design (Hold)  WNS: 0.00  TNS: 0.00  Number of Violating Paths: 0

  --------------------------------------------------------------------


1
